Arguments: 
  /usr/local/share/nvm/versions/node/v16.16.0/bin/node /usr/share/yarn/bin/yarn.js init

PATH: 
  /vscode/vscode-server/bin/linux-x64/b06ae3b2d2dbfe28bca3134cc6be65935cdfea6a/bin/remote-cli:/usr/local/share/nvm/versions/node/v16.16.0/bin:/go/bin:/usr/local/go/bin:/usr/local/share/nvm/versions/node/v16.16.0/bin:/go/bin:/usr/local/go/bin:/usr/local/sbin:/usr/local/bin:/usr/sbin:/usr/bin:/sbin:/bin:/home/vscode/.local/bin

Yarn version: 
  1.22.19

Node version: 
  16.16.0

Platform: 
  linux x64

Trace: 
  Error: canceled
      at Interface.<anonymous> (/usr/share/yarn/lib/cli.js:137150:13)
      at Interface.emit (node:events:527:28)
      at Interface._ttyWrite (node:readline:1081:16)
      at ReadStream.onkeypress (node:readline:288:10)
      at ReadStream.emit (node:events:527:28)
      at emitKeys (node:internal/readline/utils:358:14)
      at emitKeys.next (<anonymous>)
      at ReadStream.onData (node:internal/readline/emitKeypressEvents:61:36)
      at ReadStream.emit (node:events:527:28)
      at addChunk (node:internal/streams/readable:315:12)

npm manifest: 
  No manifest

yarn manifest: 
  No manifest

Lockfile: 
  No lockfile
